<?xml version="1.0" encoding="UTF-8"?>
<!-- Generated by org.testng.reporters.JUnitReportReporter -->
<testsuite hostname="DESKTOP-B2QSJ40" failures="0" tests="5" name="com.in28minutes.selenium.crossbrowser.HeadlessBrowserBasicsTest" time="33.632" errors="1" timestamp="18 Mar 2022 13:29:14 GMT" skipped="0">
  <testcase classname="com.in28minutes.selenium.crossbrowser.HeadlessBrowserBasicsTest" name="firefoxBrowser" time="11.590"/>
  <testcase classname="com.in28minutes.selenium.crossbrowser.HeadlessBrowserBasicsTest" name="chromeBrowserHeadlessBrowsing" time="5.316"/>
  <testcase classname="com.in28minutes.selenium.crossbrowser.HeadlessBrowserBasicsTest" name="firefoxBrowserHeadlessBrowsing" time="8.499"/>
  <testcase classname="com.in28minutes.selenium.crossbrowser.HeadlessBrowserBasicsTest" name="phantomJS" time="1.764">
    <error message="&#039;java.lang.String org.openqa.selenium.os.CommandLine.find(java.lang.String)&#039;" type="java.lang.NoSuchMethodError">
      <![CDATA[java.lang.NoSuchMethodError: 'java.lang.String org.openqa.selenium.os.CommandLine.find(java.lang.String)'
at org.openqa.selenium.phantomjs.PhantomJSDriverService.findPhantomJS(PhantomJSDriverService.java:242)
at org.openqa.selenium.phantomjs.PhantomJSDriverService.createDefaultService(PhantomJSDriverService.java:190)
at org.openqa.selenium.phantomjs.PhantomJSDriver.<init>(PhantomJSDriver.java:104)
at org.openqa.selenium.phantomjs.PhantomJSDriver.<init>(PhantomJSDriver.java:94)
at com.in28minutes.selenium.crossbrowser.HeadlessBrowserBasicsTest.phantomJS(HeadlessBrowserBasicsTest.java:55)
at java.base/jdk.internal.reflect.NativeMethodAccessorImpl.invoke0(Native Method)
at java.base/jdk.internal.reflect.NativeMethodAccessorImpl.invoke(NativeMethodAccessorImpl.java:77)
at java.base/jdk.internal.reflect.DelegatingMethodAccessorImpl.invoke(DelegatingMethodAccessorImpl.java:43)
at java.base/java.lang.reflect.Method.invoke(Method.java:568)
at org.testng.internal.MethodInvocationHelper.invokeMethod(MethodInvocationHelper.java:124)
at org.testng.internal.Invoker.invokeMethod(Invoker.java:583)
at org.testng.internal.Invoker.invokeTestMethod(Invoker.java:719)
at org.testng.internal.Invoker.invokeTestMethods(Invoker.java:989)
at org.testng.internal.TestMethodWorker.invokeTestMethods(TestMethodWorker.java:125)
at org.testng.internal.TestMethodWorker.run(TestMethodWorker.java:109)
at org.testng.TestRunner.privateRun(TestRunner.java:648)
at org.testng.TestRunner.run(TestRunner.java:505)
at org.testng.SuiteRunner.runTest(SuiteRunner.java:455)
at org.testng.SuiteRunner.runSequentially(SuiteRunner.java:450)
at org.testng.SuiteRunner.privateRun(SuiteRunner.java:415)
at org.testng.SuiteRunner.run(SuiteRunner.java:364)
at org.testng.SuiteRunnerWorker.runSuite(SuiteRunnerWorker.java:52)
at org.testng.SuiteRunnerWorker.run(SuiteRunnerWorker.java:84)
at org.testng.TestNG.runSuitesSequentially(TestNG.java:1208)
at org.testng.TestNG.runSuitesLocally(TestNG.java:1137)
at org.testng.TestNG.runSuites(TestNG.java:1049)
at org.testng.TestNG.run(TestNG.java:1017)
at org.testng.remote.AbstractRemoteTestNG.run(AbstractRemoteTestNG.java:115)
at org.testng.remote.RemoteTestNG.initAndRun(RemoteTestNG.java:251)
at org.testng.remote.RemoteTestNG.main(RemoteTestNG.java:77)
]]>
    </error>
  </testcase> <!-- phantomJS -->
  <testcase classname="com.in28minutes.selenium.crossbrowser.HeadlessBrowserBasicsTest" name="chromeBrowser" time="6.463"/>
</testsuite> <!-- com.in28minutes.selenium.crossbrowser.HeadlessBrowserBasicsTest -->
