<?xml version="1.0" encoding="UTF-8"?>
<!-- Generated by org.testng.reporters.JUnitReportReporter -->
<testsuite hostname="DESKTOP-B2QSJ40" failures="0" tests="4" name="com.in28minutes.selenium.crossbrowser.framework.CrossBrowserFrameworkTest" time="6.297" errors="0" timestamp="16 Feb 2023 14:08:53 GMT" skipped="0">
  <testcase classname="com.in28minutes.selenium.crossbrowser.framework.CrossBrowserFrameworkTest" name="lounchImagePage" time="1.959"/>
  <testcase classname="com.in28minutes.selenium.crossbrowser.framework.CrossBrowserFrameworkTest" name="lounchBoxPage" time="1.715"/>
  <testcase classname="com.in28minutes.selenium.crossbrowser.framework.CrossBrowserFrameworkTest" name="lounchBoxPage" time="1.280"/>
  <testcase classname="com.in28minutes.selenium.crossbrowser.framework.CrossBrowserFrameworkTest" name="lounchImagePage" time="1.343"/>
</testsuite> <!-- com.in28minutes.selenium.crossbrowser.framework.CrossBrowserFrameworkTest -->
